[2019-05-20 11:16:44] [info] Start Program:
Path:"C:\Users\Edy\source\repos\Simulareee\x64\Debug\Simulareee.exe"
Arguments:
Working directory: "C:\Users\Edy\source\repos\Simulareee\Simulareee\"
Modules: Selected: C:\Users\Edy\source\repos\Simulareee\x64\Debug\Simulareee.exe Excluded: 
Sources: Selected: C:\Users\Edy\source\repos\Simulareee\Simulareee Excluded: 
Log Level: Normal
Cover Children: 0
Aggregate by file: 1
Continue after C++ exception: 0
Optimized build support: 0
Export: Binary C:\Users\Edy\AppData\Local\Temp\3sckkz44.hut 
Input coverage: 
Unified diff: 
Excluded line regular expressions: 
Substitute pdb source paths: 

[2019-05-20 11:16:44] [info] Module: C:\Users\Edy\source\repos\Simulareee\x64\Debug\Simulareee.exe is selected because it matches selected pattern: C:\Users\Edy\source\repos\Simulareee\x64\Debug\Simulareee.exe
[2019-05-20 11:16:49] [info] ----------------------------------------------------
[2019-05-20 11:16:49] [info] Coverage binary generated in file: C:\Users\Edy\AppData\Local\Temp\3sckkz44.hut
[2019-05-20 11:16:49] [info] ----------------------------------------------------
